<?xml version="1.0" encoding="UTF-8" ?>
<testsuite tests="13" failures="0" name="se465.MainTest" time="0" errors="0" skipped="0">
  <properties>
[...]
</properties>
  <testcase classname="se465.MainTest" name="testCommandParserMissingFlag" time="0"/>
  <testcase classname="se465.MainTest" name="testMain" time="0"/>
  <testcase classname="se465.MainTest" name="testCommandParserDirectoryOutput" time="0"/>
  <testcase classname="se465.MainTest" name="testCommandParserInvalidInput" time="0"/>
  <testcase classname="se465.MainTest" name="testCommandParserWrongSupportValue" time="0"/>
  <testcase classname="se465.MainTest" name="testCommandParserTrue" time="0"/>
  <testcase classname="se465.MainTest" name="testCommandParserWrongConfidenceValue" time="0"/>
  <testcase classname="se465.MainTest" name="testCommandParserNonExistingCallgraph" time="0"/>
  <testcase classname="se465.MainTest" name="testCommandParserNonPositiveSupportValue" time="0"/>
  <testcase classname="se465.MainTest" name="testCommandParserDuplicateFlag" time="0"/>
  <testcase classname="se465.MainTest" name="testCommandParserInvalidConfidenceValue" time="0"/>
  <testcase classname="se465.MainTest" name="testCommandParserErrorFlag" time="0"/>
  <testcase classname="se465.MainTest" name="testCommandParserNonWritable" time="0"/>
</testsuite>